...
... loading params
...
...
... connecting as bars_dm
Connected.
@bars_dm\Script\partition_credits_stat.sql
bars_dm/script/partition_credits_stat
drop interim table if exists (in case of previous unsuccessfull installation)

PL/SQL procedure successfully completed.

Elapsed: 00:00:01.10
create temp table

PL/SQL procedure successfully completed.

Elapsed: 00:00:00.15
copy data to temp table

PL/SQL procedure successfully completed.

Elapsed: 00:00:00.03
drop original table and rename temp to original
ERROR:
ORA-24344: success with compilation error 
ORA-06512: at line 12 



Warning: PL/SQL compilation errors.

Elapsed: 00:00:03.77

SQL> 
