...
... loading params
...
...
dbname     = barsdb
...
...
... connecting as sys
...
Connected.
@sys\script\create_schema_barstrans.sql

PL/SQL procedure successfully completed.


Grant succeeded.


Grant succeeded.


Grant succeeded.


Grant succeeded.


Grant succeeded.


Grant succeeded.


Grant succeeded.


Grant succeeded.


Grant succeeded.


Grant succeeded.


Grant succeeded.


Grant succeeded.


Grant succeeded.


Grant succeeded.


Grant succeeded.


Grant succeeded.


Grant succeeded.


Grant succeeded.


Grant succeeded.


Grant succeeded.


Grant succeeded.


Grant succeeded.


Grant succeeded.


Grant succeeded.


Grant succeeded.


Grant succeeded.

disconnect sys
Disconnected from Oracle Database 11g Enterprise Edition Release 11.2.0.4.0 - 64bit Production
With the Partitioning, Automatic Storage Management, OLAP, Data Mining
and Real Application Testing options
Перевірка логіну під BARSTRANS@barsdb
Connected.
create Sequence
@BARSTRANS\Sequence\S_TRANSP_RECEIVE_DATA.sql
=====================================================================================
*** Run *** ========== Scripts /Sql/BARSTRANS/Sequence/S_TRANSP_RECEIVE_DATA.sql ====
=====================================================================================
*** Create  sequence S_TRANSP_RECEIVE_DATA ***

PL/SQL procedure successfully completed.

=====================================================================================
*** End *** ========== Scripts /Sql/BARSTRANS/Sequence/S_TRANSP_RECEIVE_DATA.sql ====
=====================================================================================
@BARSTRANS\Sequence\S_TRANSP_RECEIVE_LOG.sql
=====================================================================================
*** Run *** ========== Scripts /Sql/BARSTRANS/Sequence/S_TRANSP_RECEIVE_LOG.sql =====
=====================================================================================
*** Create  sequence S_TRANSP_RECEIVE_LOG ***

PL/SQL procedure successfully completed.

=====================================================================================
*** End *** ========== Scripts /Sql/BARSTRANS/Sequence/S_TRANSP_RECEIVE_LOG.sql =====
=====================================================================================
@BARSTRANS\Sequence\S_TRANSP_RECEIVE_RESP.sql
=====================================================================================
*** Run *** ========== Scripts /Sql/BARSTRANS/Sequence/S_TRANSP_RECEIVE_RESP.sql ====
=====================================================================================
*** Create  sequence S_TRANSP_RECEIVE_RESP ***

PL/SQL procedure successfully completed.

=====================================================================================
*** End *** ========== Scripts /Sql/BARSTRANS/Sequence/S_TRANSP_RECEIVE_RESP.sql ====
=====================================================================================
@BARSTRANS\Sequence\S_TRANSP_RECEIVE_TYPE.sql
=====================================================================================
*** Run *** ========== Scripts /Sql/BARSTRANS/Sequence/S_TRANSP_RECEIVE_TYPE.sql ====
=====================================================================================
*** Create  sequence S_TRANSP_RECEIVE_TYPE ***

PL/SQL procedure successfully completed.

=====================================================================================
*** End *** ========== Scripts /Sql/BARSTRANS/Sequence/S_TRANSP_RECEIVE_TYPE.sql ====
=====================================================================================
@BARSTRANS\Sequence\S_TRANSP_SEND_LOG.sql
=====================================================================================
*** Run *** ========== Scripts /Sql/BARSTRANS/Sequence/S_TRANSP_SEND_LOG.sql ========
=====================================================================================
*** Create  sequence S_TRANSP_SEND_LOG ***

PL/SQL procedure successfully completed.

=====================================================================================
*** End *** ========== Scripts /Sql/BARSTRANS/Sequence/S_TRANSP_SEND_LOG.sql ========
=====================================================================================
@BARSTRANS\Sequence\S_TRANSP_SEND_MAIN_REQ.sql
=====================================================================================
*** Run *** ========== Scripts /Sql/BARSTRANS/Sequence/S_TRANSP_SEND_MAIN_REQ.sql ===
=====================================================================================
*** Create  sequence S_TRANSP_SEND_MAIN_REQ ***

PL/SQL procedure successfully completed.

=====================================================================================
*** End *** ========== Scripts /Sql/BARSTRANS/Sequence/S_TRANSP_SEND_MAIN_REQ.sql ===
=====================================================================================
@BARSTRANS\Sequence\S_TRANSP_SEND_REQ.sql
=====================================================================================
*** Run *** ========== Scripts /Sql/BARSTRANS/Sequence/S_TRANSP_SEND_REQ.sql ========
=====================================================================================
*** Create  sequence S_TRANSP_SEND_REQ ***

PL/SQL procedure successfully completed.

=====================================================================================
*** End *** ========== Scripts /Sql/BARSTRANS/Sequence/S_TRANSP_SEND_REQ.sql ========
=====================================================================================
@BARSTRANS\Sequence\S_TRANSP_SEND_TYPE.sql
=====================================================================================
*** Run *** ========== Scripts /Sql/BARSTRANS/Sequence/S_TRANSP_SEND_TYPE.sql =======
=====================================================================================
*** Create  sequence S_TRANSP_SEND_TYPE ***

PL/SQL procedure successfully completed.

=====================================================================================
*** End *** ========== Scripts /Sql/BARSTRANS/Sequence/S_TRANSP_SEND_TYPE.sql =======
=====================================================================================
@BARSTRANS\Sequence\S_TRANSP_URI.sql
=====================================================================================
*** Run *** ========== Scripts /Sql/BARSTRANS/Sequence/S_TRANSP_URI.sql =========***
=====================================================================================
*** Create  sequence S_TRANSP_URI ***

PL/SQL procedure successfully completed.

=====================================================================================
*** End *** ========== Scripts /Sql/BARSTRANS/Sequence/S_TRANSP_URI.sql =========***
=====================================================================================
@BARSTRANS\Table\TRANSP_SEND_TYPE.sql
=====================================================================================
*** Run *** ========== Scripts /Sql/BARSTRANS/Table/TRANSP_SEND_TYPE.sql =========***
=====================================================================================
*** Create  table TRANSP_SEND_TYPE ***

PL/SQL procedure successfully completed.


Comment created.


Comment created.


Comment created.


Comment created.


Comment created.


Comment created.


Comment created.


Comment created.


Comment created.


Comment created.


Comment created.


Comment created.


Comment created.


Comment created.


Comment created.


Comment created.


Comment created.


Comment created.


Comment created.


Comment created.


Comment created.


Comment created.

*** Create  constraint PK_TRANSP_SEND_TYPE ***

PL/SQL procedure successfully completed.

*** Create  index PK_TRANSP_SEND_TYPE ***

PL/SQL procedure successfully completed.

*** Create  index TYPE_TRANSP_SEND_TYPE ***

PL/SQL procedure successfully completed.

*** Create  grants  TRANSP_SEND_TYPE ***

Grant succeeded.

=====================================================================================
*** End *** ========== Scripts /Sql/BARSTRANS/Table/TRANSP_SEND_TYPE.sql =========***
=====================================================================================
@BARSTRANS\Table\TRANSP_URI.sql
=====================================================================================
*** Run *** ========== Scripts /Sql/BARSTRANS/Table/TRANSP_URI.sql =========*** Run *
=====================================================================================
*** Create  table TRANSP_URI ***

PL/SQL procedure successfully completed.


Comment created.


Comment created.


Comment created.


Comment created.


Comment created.


Comment created.


Comment created.


Comment created.


Comment created.


Comment created.


Comment created.


Comment created.


Comment created.

*** Create  constraint PK_TRANSP_URI ***

PL/SQL procedure successfully completed.

*** Create  index PK_TRANSP_URI ***

PL/SQL procedure successfully completed.

=====================================================================================
*** End *** ========== Scripts /Sql/BARSTRANS/Table/TRANSP_URI.sql =========*** End *
=====================================================================================
@BARSTRANS\Table\TRANSP_STATUS_DICT.sql
=====================================================================================
*** Run *** ========== Scripts /Sql/BARSTRANS/Table/TRANSP_STATUS_DICT.sql =========*
=====================================================================================
*** Create  table TRANSP_STATUS_DICT ***

PL/SQL procedure successfully completed.


Comment created.


Comment created.


Comment created.


Comment created.

*** Create  constraint PK_TRANSP_STATUS_DICT ***

PL/SQL procedure successfully completed.

*** Create  index PK_TRANSP_STATUS_DICT ***

PL/SQL procedure successfully completed.

=====================================================================================
*** End *** ========== Scripts /Sql/BARSTRANS/Table/TRANSP_STATUS_DICT.sql =========*
=====================================================================================
@BARSTRANS\Table\TRANSP_SEND_MAIN_REQ.sql
=====================================================================================
*** Run *** ========== Scripts /Sql/BARSTRANS/Table/TRANSP_SEND_MAIN_REQ.sql ========
=====================================================================================
*** Create  table TRANSP_SEND_MAIN_REQ ***

PL/SQL procedure successfully completed.


Comment created.


Comment created.


Comment created.


Comment created.


Comment created.


Comment created.


Comment created.


Comment created.


Comment created.


Comment created.

*** Create  constraint PK_TRANSP_SEND_MAIN_REQ ***

PL/SQL procedure successfully completed.

*** Create  index PK_TRANSP_SEND_MAIN_REQ ***

PL/SQL procedure successfully completed.

=====================================================================================
*** End *** ========== Scripts /Sql/BARSTRANS/Table/TRANSP_SEND_MAIN_REQ.sql ========
=====================================================================================
@BARSTRANS\Table\TRANSP_SEND_REQ_PARAMS.sql
=====================================================================================
*** Run *** ========== Scripts /Sql/BARSTRANS/Table/TRANSP_SEND_REQ_PARAMS.sql ======
=====================================================================================
*** Create  table TRANSP_SEND_REQ_PARAMS ***

PL/SQL procedure successfully completed.


Comment created.


Comment created.


Comment created.


Comment created.


Comment created.

*** Create  constraint PK_TRANSP_SEND_REQ_PARAMS ***

PL/SQL procedure successfully completed.

*** Create  index PK_TRANSP_SEND_REQ_PARAMS ***

PL/SQL procedure successfully completed.

=====================================================================================
*** End *** ========== Scripts /Sql/BARSTRANS/Table/TRANSP_SEND_REQ_PARAMS.sql ======
=====================================================================================
@BARSTRANS\Table\TRANSP_SEND_REQ.sql
=====================================================================================
*** Run *** ========== Scripts /Sql/BARSTRANS/Table/TRANSP_SEND_REQ.sql =========***
=====================================================================================
*** Create  table TRANSP_SEND_REQ ***

PL/SQL procedure successfully completed.


Comment created.


Comment created.


Comment created.


Comment created.


Comment created.


Comment created.


Comment created.


Comment created.


Comment created.


Comment created.


Comment created.


Comment created.

*** Create  constraint PK_TRANSP_SEND_REQ ***

PL/SQL procedure successfully completed.

*** Create  index PK_TRANSP_SEND_REQ ***

PL/SQL procedure successfully completed.

=====================================================================================
*** End *** ========== Scripts /Sql/BARSTRANS/Table/TRANSP_SEND_REQ.sql =========***
=====================================================================================
@BARSTRANS\Table\TRANSP_SEND_RESP_PARAMS.sql
=====================================================================================
*** Run *** ========== Scripts /Sql/BARSTRANS/Table/TRANSP_SEND_RESP_PARAMS.sql =====
=====================================================================================
*** Create  table TRANSP_SEND_RESP_PARAMS ***

PL/SQL procedure successfully completed.


Comment created.


Comment created.


Comment created.


Comment created.


Comment created.

*** Create  constraint PK_TRANSP_SEND_RESP_PARAMS ***

PL/SQL procedure successfully completed.

*** Create  index PK_TRANSP_SEND_RESP_PARAMS ***

PL/SQL procedure successfully completed.

=====================================================================================
*** End *** ========== Scripts /Sql/BARSTRANS/Table/TRANSP_SEND_RESP_PARAMS.sql =====
=====================================================================================
@BARSTRANS\Table\TRANSP_SEND_LOG.sql
=====================================================================================
*** Run *** ========== Scripts /Sql/BARSTRANS/Table/TRANSP_SEND_LOG.sql =========***
=====================================================================================
*** Create  table TRANSP_SEND_LOG ***

PL/SQL procedure successfully completed.


Comment created.


Comment created.


Comment created.


Comment created.


Comment created.


Comment created.


Comment created.


Comment created.


Comment created.

*** Create  constraint PK_TRANSP_SEND_LOG ***

PL/SQL procedure successfully completed.

*** Create  index PK_TRANSP_SEND_LOG ***

PL/SQL procedure successfully completed.

*** Create  index IND_TRANSP_SEND_LOG_D_ID ***

PL/SQL procedure successfully completed.

=====================================================================================
*** End *** ========== Scripts /Sql/BARSTRANS/Table/TRANSP_SEND_LOG.sql =========***
=====================================================================================
@BARSTRANS\Table\TRANSP_RECEIVE_TYPE.sql
=====================================================================================
*** Run *** ========== Scripts /Sql/BARSTRANS/Table/TRANSP_RECEIVE_TYPE.sql =========
=====================================================================================
*** Create  table TRANSP_RECEIVE_TYPE ***

PL/SQL procedure successfully completed.


Comment created.


Comment created.


Comment created.


Comment created.


Comment created.


Comment created.


Comment created.


Comment created.


Comment created.


Comment created.


Comment created.


Comment created.


Comment created.


Comment created.

*** Create  constraint PK_TRANSP_RECEIVE_TYPE ***

PL/SQL procedure successfully completed.

*** Create  index PK_TRANSP_RECEIVE_TYPE ***

PL/SQL procedure successfully completed.

*** Create  index TYPE_TRANSP_RECEIVE_TYPE ***

PL/SQL procedure successfully completed.

*** Create  grants  TRANSP_RECEIVE_TYPE ***

Grant succeeded.

=====================================================================================
*** End *** ========== Scripts /Sql/BARSTRANS/Table/TRANSP_RECEIVE_TYPE.sql =========
=====================================================================================
@BARSTRANS\Table\TRANSP_RECEIVE_DATA.sql
=====================================================================================
*** Run *** ========== Scripts /Sql/BARSTRANS/Table/TRANSP_RECEIVE_DATA.sql =========
=====================================================================================
*** Create  table TRANSP_RECEIVE_DATA ***

PL/SQL procedure successfully completed.


Comment created.


Comment created.


Comment created.


Comment created.


Comment created.


Comment created.


Comment created.


Comment created.

*** Create  constraint PK_TRANSP_RECEIVE_DATA ***

PL/SQL procedure successfully completed.

*** Create  index PK_TRANSP_RECEIVE_DATA ***

PL/SQL procedure successfully completed.

*** Create  grants  TRANSP_RECEIVE_DATA ***

Grant succeeded.


Grant succeeded.

=====================================================================================
*** End *** ========== Scripts /Sql/BARSTRANS/Table/TRANSP_RECEIVE_DATA.sql =========
=====================================================================================
@BARSTRANS\Table\TRANSP_RECEIVE_URI_PARAMS.sql
=====================================================================================
*** Run *** ========== Scripts /Sql/BARSTRANS/Table/TRANSP_RECEIVE_URI_PARAMS.sql ===
=====================================================================================
*** Create  table TRANSP_RECEIVE_URI_PARAMS ***

PL/SQL procedure successfully completed.


Comment created.


Comment created.


Comment created.


Comment created.


Comment created.

*** Create  constraint PK_TRANSP_RECEIVE_URI_PARAMS ***

PL/SQL procedure successfully completed.

*** Create  index PK_TRANSP_RECEIVE_URI_PARAMS ***

PL/SQL procedure successfully completed.

=====================================================================================
*** End *** ========== Scripts /Sql/BARSTRANS/Table/TRANSP_RECEIVE_URI_PARAMS.sql ===
=====================================================================================
@BARSTRANS\Table\TRANSP_RECEIVE_RESP.sql
=====================================================================================
*** Run *** ========== Scripts /Sql/BARSTRANS/Table/TRANSP_RECEIVE_RESP.sql =========
=====================================================================================
*** Create  table TRANSP_RECEIVE_RESP ***

PL/SQL procedure successfully completed.


Comment created.


Comment created.


Comment created.


Comment created.


Comment created.


Comment created.

*** Create  constraint PK_TRANSP_RECEIVE_RESP ***

PL/SQL procedure successfully completed.

*** Create  index PK_TRANSP_RECEIVE_RESP ***

PL/SQL procedure successfully completed.

=====================================================================================
*** End *** ========== Scripts /Sql/BARSTRANS/Table/TRANSP_RECEIVE_RESP.sql =========
=====================================================================================
@BARSTRANS\Table\TRANSP_RECEIVE_RESP_PARAMS.sql
=====================================================================================
*** Run *** ========== Scripts /Sql/BARSTRANS/Table/TRANSP_RECEIVE_RESP_PARAMS.sql ==
=====================================================================================
*** Create  table TRANSP_RECEIVE_RESP_PARAMS ***

PL/SQL procedure successfully completed.


Comment created.


Comment created.


Comment created.


Comment created.


Comment created.

*** Create  constraint PK_TRANSP_RECEIVE_RESP_PARAMS ***

PL/SQL procedure successfully completed.

*** Create  index PK_TRANSP_RECEIVE_RESP_PARAMS ***

PL/SQL procedure successfully completed.

=====================================================================================
*** End *** ========== Scripts /Sql/BARSTRANS/Table/TRANSP_RECEIVE_RESP_PARAMS.sql ==
=====================================================================================
@BARSTRANS\Table\TRANSP_RECEIVE_LOG.sql
=====================================================================================
*** Run *** ========== Scripts /Sql/BARSTRANS/Table/TRANSP_RECEIVE_LOG.sql =========*
=====================================================================================
*** Create  table TRANSP_RECEIVE_LOG ***

PL/SQL procedure successfully completed.


Comment created.


Comment created.


Comment created.


Comment created.


Comment created.


Comment created.


Comment created.

*** Create  constraint PK_TRANSP_RECEIVE_LOG ***

PL/SQL procedure successfully completed.

*** Create  index PK_TRANSP_RECEIVE_LOG ***

PL/SQL procedure successfully completed.

=====================================================================================
*** End *** ========== Scripts /Sql/BARSTRANS/Table/TRANSP_RECEIVE_LOG.sql =========*
=====================================================================================
@BARSTRANS\Data\fill_table\TRANSP_SEND_TYPE.sql

1 row merged.


1 row merged.


1 row merged.


1 row merged.


1 row merged.


1 row merged.


1 row merged.


1 row merged.


1 row merged.


1 row merged.


1 row merged.


Commit complete.

@BARSTRANS\Data\fill_table\TRANSP_RECEIVE_TYPE.sql

1 row merged.


1 row merged.


1 row merged.


1 row merged.


1 row merged.


1 row merged.


1 row merged.


1 row merged.


1 row merged.


1 row merged.


1 row merged.


Commit complete.

@BARSTRANS\Data\fill_table\TRANSP_URI.sql

1 row merged.


1 row merged.


Commit complete.

@BARSTRANS\Package\transp_utl.sql

Package created.


Package body created.

@BARSTRANS\Grant\barstrans_grants.sql

Grant succeeded.


Grant succeeded.


Grant succeeded.


Commit complete.

disconnect barstrans
Disconnected from Oracle Database 11g Enterprise Edition Release 11.2.0.4.0 - 64bit Production
With the Partitioning, Automatic Storage Management, OLAP, Data Mining
and Real Application Testing options
...
... connecting as bars
...
Connected.
bars\table\nbu_branch_601.sql
=====================================================================================
*** Run *** ========== Scripts /Sql/BARS/Table/NBU_BRANCH_601.sql =========*** Run ***
=====================================================================================

PL/SQL procedure successfully completed.

*** Create  table NBU_BRANCH_601 ***

PL/SQL procedure successfully completed.


PL/SQL procedure successfully completed.


PL/SQL procedure successfully completed.


Grant succeeded.

=====================================================================================
*** END *** ========== Scripts /Sql/BARS/Table/NBU_BRANCH_601.sql =========*** END ***
=====================================================================================
bars\table\nbu_data_request_601.sql
=====================================================================================
*** Run *** ========== Scripts /Sql/BARS/Table/NBU_DATA_REQUEST_601.sql =========*** Run ***
=====================================================================================

PL/SQL procedure successfully completed.

*** Create  table NBU_DATA_REQUEST_601 ***

PL/SQL procedure successfully completed.


PL/SQL procedure successfully completed.


PL/SQL procedure successfully completed.


Grant succeeded.

=====================================================================================
*** END *** ========== Scripts /Sql/BARS/Table/NBU_DATA_REQUEST_601.sql =========*** END ***
=====================================================================================
bars\table\nbu_data_request_tracking_601.sql
=====================================================================================
*** Run *** ========== Scripts /Sql/BARS/Table/NBU_DATA_REQUEST_TRACKING_601.sql =========*** Run ***
=====================================================================================

PL/SQL procedure successfully completed.

*** Create  table NBU_DATA_REQUEST_TRACKING_601 ***

PL/SQL procedure successfully completed.


Grant succeeded.

=====================================================================================
*** END *** ========== Scripts /Sql/BARS/Table/NBU_DATA_REQUEST_TRACKING_601.sql =========*** END ***
=====================================================================================
bars\table\nbu_data_type_601.sql
=====================================================================================
*** Run *** ========== Scripts /Sql/BARS/Table/NBU_DATA_TYPE_601.sql =========*** Run ***
=====================================================================================

PL/SQL procedure successfully completed.

*** Create  table NBU_DATA_TYPE_601***

PL/SQL procedure successfully completed.


Grant succeeded.

=====================================================================================
*** END *** ========== Scripts /Sql/BARS/Table/NBU_DATA_TYPE_601.sql =========*** END ***
=====================================================================================
bars\table\nbu_address_fo.sql

PL/SQL procedure successfully completed.


PL/SQL procedure successfully completed.


Comment created.


Comment created.


Comment created.


Comment created.


Comment created.


Comment created.


Comment created.


Comment created.


Comment created.


Comment created.


Comment created.


Comment created.


Comment created.


PL/SQL procedure successfully completed.


PL/SQL procedure successfully completed.


Grant succeeded.

bars\table\nbu_document_fo.sql

PL/SQL procedure successfully completed.


PL/SQL procedure successfully completed.


Comment created.


Comment created.


Comment created.


Comment created.


Comment created.


Comment created.


Comment created.


Comment created.


Comment created.


PL/SQL procedure successfully completed.


PL/SQL procedure successfully completed.


Grant succeeded.

bars\table\nbu_family_fo.sql

PL/SQL procedure successfully completed.


PL/SQL procedure successfully completed.


Comment created.


Comment created.


Comment created.


Comment created.


Comment created.


PL/SQL procedure successfully completed.


Grant succeeded.

bars\table\nbu_person_fo.sql

PL/SQL procedure successfully completed.


PL/SQL procedure successfully completed.


Comment created.


Comment created.


Comment created.


Comment created.


Comment created.


Comment created.


Comment created.


Comment created.


Comment created.


Comment created.


Comment created.


PL/SQL procedure successfully completed.


PL/SQL procedure successfully completed.


Grant succeeded.

bars\table\nbu_profit_fo.sql

PL/SQL procedure successfully completed.


PL/SQL procedure successfully completed.


Comment created.


Comment created.


Comment created.


Comment created.


Comment created.


PL/SQL procedure successfully completed.


PL/SQL procedure successfully completed.


Grant succeeded.

bars\table\nbu_person_uo.sql

PL/SQL procedure successfully completed.


PL/SQL procedure successfully completed.


Comment created.


Comment created.


Comment created.


Comment created.


Comment created.


Comment created.


Comment created.


Comment created.


Comment created.


Comment created.


Comment created.


Comment created.


Comment created.


Comment created.


Comment created.


Comment created.


Comment created.


Comment created.


PL/SQL procedure successfully completed.


PL/SQL procedure successfully completed.


Grant succeeded.

@bars\table\nbu_finperformance_uo.sql

PL/SQL procedure successfully completed.


PL/SQL procedure successfully completed.


Comment created.


Comment created.


Comment created.


Comment created.


Comment created.


Comment created.


Comment created.


Comment created.


Comment created.


PL/SQL procedure successfully completed.


PL/SQL procedure successfully completed.


Grant succeeded.

bars\table\nbu_finperformancegr_uo.sql

PL/SQL procedure successfully completed.


PL/SQL procedure successfully completed.


Comment created.


Comment created.


Comment created.


Comment created.


Comment created.


Comment created.


Comment created.


Comment created.


Comment created.


Comment created.


PL/SQL procedure successfully completed.


PL/SQL procedure successfully completed.


Grant succeeded.

bars\table\nbu_finperformancepr_uo.sql

PL/SQL procedure successfully completed.


PL/SQL procedure successfully completed.


Comment created.


Comment created.


Comment created.


Comment created.


Comment created.


Comment created.


Comment created.


Comment created.


Comment created.


PL/SQL procedure successfully completed.


PL/SQL procedure successfully completed.


Grant succeeded.

bars\table\nbu_groupur_uo.sql

PL/SQL procedure successfully completed.


PL/SQL procedure successfully completed.


Comment created.


Comment created.


Comment created.


Comment created.


Comment created.


Comment created.


Comment created.


Comment created.


Comment created.


Comment created.


PL/SQL procedure successfully completed.


Grant succeeded.

bars\table\nbu_ownerjur_uo.sql

PL/SQL procedure successfully completed.


PL/SQL procedure successfully completed.


Comment created.


Comment created.


Comment created.


Comment created.


Comment created.


Comment created.


Comment created.


Comment created.


Comment created.


Comment created.


Comment created.


Comment created.


Comment created.


PL/SQL procedure successfully completed.


Grant succeeded.

bars\table\nbu_ownerpp_uo.sql

PL/SQL procedure successfully completed.


PL/SQL procedure successfully completed.


Comment created.


Comment created.


Comment created.


Comment created.


Comment created.


Comment created.


Comment created.


Comment created.


Comment created.


Comment created.


Comment created.


Comment created.


Comment created.


PL/SQL procedure successfully completed.


PL/SQL procedure successfully completed.


Grant succeeded.

bars\table\nbu_partners_uo.sql

PL/SQL procedure successfully completed.


PL/SQL procedure successfully completed.


Comment created.


Comment created.


Comment created.


Comment created.


Comment created.


Comment created.


Comment created.


Comment created.


Comment created.


PL/SQL procedure successfully completed.


Grant succeeded.

bars\table\nbu_pledge_dep.sql

PL/SQL procedure successfully completed.


PL/SQL procedure successfully completed.


Comment created.


Comment created.


Comment created.


Comment created.


Comment created.


Comment created.


Comment created.


Comment created.


Comment created.


Comment created.


Comment created.


Comment created.


Comment created.


Comment created.


Comment created.


Comment created.


Comment created.


Comment created.


Comment created.


Comment created.


Comment created.


Comment created.


Comment created.


Comment created.


PL/SQL procedure successfully completed.


PL/SQL procedure successfully completed.


Grant succeeded.

bars\table\nbu_credit.sql

PL/SQL procedure successfully completed.


PL/SQL procedure successfully completed.


Comment created.


Comment created.


Comment created.


Comment created.


Comment created.


Comment created.


Comment created.


Comment created.


Comment created.


Comment created.


Comment created.


Comment created.


Comment created.


Comment created.


Comment created.


Comment created.


Comment created.


Comment created.


Comment created.


Comment created.


Comment created.


Comment created.


Comment created.


Comment created.


Comment created.


Comment created.


Comment created.


Comment created.


PL/SQL procedure successfully completed.


PL/SQL procedure successfully completed.


Grant succeeded.

bars\table\nbu_credit_pledge.sql

PL/SQL procedure successfully completed.


PL/SQL procedure successfully completed.


Comment created.


Comment created.


Comment created.


Comment created.


Comment created.


Comment created.


Comment created.


Comment created.


Comment created.


PL/SQL procedure successfully completed.


Grant succeeded.

bars\table\nbu_credit_tranche.sql

PL/SQL procedure successfully completed.


PL/SQL procedure successfully completed.


Comment created.


Comment created.


Comment created.


Comment created.


Comment created.


Comment created.


Comment created.


Comment created.


Comment created.


Comment created.


Comment created.


Comment created.


Comment created.


Comment created.


Comment created.


Comment created.


Comment created.


Comment created.


Comment created.


Comment created.


Comment created.


Comment created.


PL/SQL procedure successfully completed.


Grant succeeded.

bars\table\nbu_w4_bpk.sql

PL/SQL procedure successfully completed.


PL/SQL procedure successfully completed.


PL/SQL procedure successfully completed.


PL/SQL procedure successfully completed.

bars\sequence\s_nbu_601_request_id.sql
=====================================================================================
*** Run *** ========== Scripts /Sql/BARS/Sequence/S_NBU_601_request_id.sql =========*** Run
=====================================================================================
*** Create  sequence S_NBU_601_request_id ***

PL/SQL procedure successfully completed.

*** Create  grants  S_NBU_601_request_id ***

Grant succeeded.

=====================================================================================
*** End *** ========== Scripts /Sql/BARS/Sequence/S_NBU_601_request_id.sql =========*** End
=====================================================================================
@bars\package\wsm_mgr.sql

Package created.


Package body created.

No errors.
@bars\package\tools.sql

Package created.


Package body created.

@bars\package\nbu_601_request_data_ru.sql
=====================================================================================
*** Run *** ========== Scripts /Sql/BARS/PACKAGE/nbu_601_request_data_ru.sql =========*** Run ***
=====================================================================================

Package created.


Package body created.


Grant succeeded.


Grant succeeded.

=====================================================================================
*** End *** ========== Scripts /Sql/BARS/PACKAGE/nbu_601_request_data_ru.sql =========*** End ***
=====================================================================================
@bars\package\nbu_601_formed_xml.sql
=====================================================================================
*** Run *** ========== Scripts /Sql/BARS/PACKAGE/nbu_601_formed_xml.sql =========*** Run ***
=====================================================================================

Package created.


Package body created.


Grant succeeded.


Grant succeeded.

=====================================================================================
*** End*** ========== Scripts /Sql/BARS/PACKAGE/nbu_601_formed_xml.sql =========*** End***
=====================================================================================
@bars\package\nbu_601_migrate.sql
=====================================================================================
*** Run *** ========== Scripts /Sql/BARS/PACKAGE/nbu_601_migrate.sql =========*** Run ***
=====================================================================================

Package created.


Package body created.


Grant succeeded.


Grant succeeded.

=====================================================================================
*** End *** ========== Scripts /Sql/BARS/PACKAGE/nbu_601_migrate.sql =========*** End ***
=====================================================================================
@bars\script\alter_list_type_policies.sql

PL/SQL procedure successfully completed.

@bars\script\alter_branch_attribute.sql

PL/SQL procedure successfully completed.

@bars\script\codeapp$RM_F601.sql
=====================================================================================
*** Run *** ========== Scripts /Sql/Bars/Data/Applist/codeapp_$RM_F601.sql =========*
=====================================================================================
*** Create/replace  ARM  $RM_F601 ***

PL/SQL procedure successfully completed.

=====================================================================================
*** End *** ========== Scripts /Sql/Bars/Data/Applist/codeapp$RM_F601.sql =========**
=====================================================================================
@bars\script\codeapp_F601.sql
=====================================================================================
*** Run *** ========== Scripts /Sql/Bars/Data/Applist/codeapp_F601.sql =========*** R
=====================================================================================
*** Create/replace  ARM  F601 ***

PL/SQL procedure successfully completed.

=====================================================================================
*** End *** ========== Scripts /Sql/Bars/Data/Applist/codeappF601.sql =========*** En
=====================================================================================
bars\view\V_NBU_CORE_DATA_REQUEST.sql
=====================================================================================
*** Run *** ========== Scripts /Sql/BARS/View/V_NBU_CORE_DATA_REQUEST.sql =========**
=====================================================================================
*** Create  view V_NBU_CORE_DATA_REQUEST ***

View created.

*** Create  grants  V_NBU_CORE_DATA_REQUEST ***

Grant succeeded.

=====================================================================================
*** End *** ========== Scripts /Sql/BARS/View/V_NBU_CORE_DATA_REQUEST.sql =========**
=====================================================================================
bars\view\V_NBU_CREDIT.sql
=====================================================================================
*** Run *** ========== Scripts /Sql/BARS/View/V_NBU_CREDIT.sql =========**
=====================================================================================
*** Create  view V_NBU_CREDIT ***

View created.

*** Create  grants  V_NBU_CREDIT ***

Grant succeeded.

=====================================================================================
*** End *** ========== Scripts /Sql/BARS/View/V_NBU_CREDIT.sql =========**
=====================================================================================
bars\view\V_NBU_DOCUMENT_FO.sql
=====================================================================================
*** Run *** ========== Scripts /Sql/BARS/View/V_NBU_DOCUMENT_FO.sql =========**
=====================================================================================
*** Create  view V_NBU_DOCUMENT_FO ***

View created.

*** Create  grants  V_NBU_DOCUMENT_FO ***

Grant succeeded.

=====================================================================================
*** End *** ========== Scripts /Sql/BARS/View/V_NBU_DOCUMENT_FO.sql =========**
=====================================================================================
bars\view\V_NBU_FO_SHOW.sql
=====================================================================================
*** Run *** ========== Scripts /Sql/BARS/View/V_NBU_FO_SHOW.sql =========**
=====================================================================================
*** Create  view V_NBU_FO_SHOW ***

View created.

*** Create  grants  V_NBU_FO_SHOW ***

Grant succeeded.

=====================================================================================
*** End *** ========== Scripts /Sql/BARS/View/V_NBU_FO_SHOW.sql =========**
=====================================================================================
bars\view\V_NBU_FORM_601.sql
=====================================================================================
*** Run *** ========== Scripts /Sql/BARS/View/V_NBU_FORM_601.sql =========*** Run ***
=====================================================================================
*** Create  view V_NBU_FORM_601 ***

View created.

*** Create  grants  V_NBU_FORM_601 ***

Grant succeeded.


Grant succeeded.

=====================================================================================
*** End *** ========== Scripts /Sql/BARS/View/V_NBU_FORM_601.sql =========*** End ***
=====================================================================================
bars\view\V_NBU_GROUPUR_UO.sql
=====================================================================================
*** Run *** ========== Scripts /Sql/BARS/View/V_NBU_GROUPUR_UO.sql =========*** Run *
=====================================================================================
*** Create  view V_NBU_GROUPUR_UO ***

View created.


Grant succeeded.

=====================================================================================
*** End *** ========== Scripts /Sql/BARS/View/V_NBU_GROUPUR_UO.sql =========*** End *
=====================================================================================
bars\view\V_NBU_OWNERPP_UO.sql
=====================================================================================
*** Run *** ========== Scripts /Sql/BARS/View/V_NBU_OWNERPP_UO.sql =========*** Run *
=====================================================================================
*** Create  view V_NBU_OWNERPP_UO ***

View created.


Grant succeeded.

=====================================================================================
*** End *** ========== Scripts /Sql/BARS/View/V_NBU_OWNERPP_UO.sql =========*** End *
=====================================================================================
bars\view\V_NBU_PARTNERS_UO.sql
=====================================================================================
*** Run *** ========== Scripts /Sql/BARS/View/V_NBU_PARTNERS_UO.sql =========*** Run
=====================================================================================
*** Create  view V_NBU_PARTNERS_UO ***

View created.


Grant succeeded.

=====================================================================================
*** End *** ========== Scripts /Sql/BARS/View/V_NBU_PARTNERS_UO.sql =========*** End
=====================================================================================
bars\view\V_NBU_PLEDGE_DEP.sql
=====================================================================================
*** Run *** ========== Scripts /Sql/BARS/View/V_NBU_PLEDGE_DEP.sql =========*** Run *
=====================================================================================
*** Create  view V_NBU_PLEDGE_DEP ***

View created.


Grant succeeded.

=====================================================================================
*** End *** ========== Scripts /Sql/BARS/View/V_NBU_PLEDGE_DEP.sql =========*** End *
=====================================================================================
bars\view\V_NBU_SESSION_HISTORY.sql
=====================================================================================
*** Run *** ========== Scripts /Sql/BARS/View/V_NBU_SESSION_HISTORY.sql =========***
=====================================================================================
*** Create  view V_NBU_SESSION_HISTORY ***

View created.

*** Create  grants  V_NBU_SESSION_HISTORY ***

Grant succeeded.


Grant succeeded.

=====================================================================================
*** End *** ========== Scripts /Sql/BARS/View/V_NBU_SESSION_HISTORY.sql =========***
=====================================================================================
bars\view\V_NBU_UO_SHOW.sql
=====================================================================================
*** Run *** ========== Scripts /Sql/BARS/View/V_NBU_UO_SHOW.sql =========*** Run ***
=====================================================================================
*** Create  view V_NBU_UO_SHOW ***

View created.


Grant succeeded.

=====================================================================================
*** End *** ========== Scripts /Sql/BARS/View/V_NBU_UO_SHOW.sql =========*** End ***
=====================================================================================
bars\data\bmd\V_CORE_CREDIT.bmd

PL/SQL procedure successfully completed.


Commit complete.

bars\data\bmd\V_CORE_DOCUMENT_FO.bmd

PL/SQL procedure successfully completed.


Commit complete.

bars\data\bmd\V_CORE_FO_SHOW.bmd

PL/SQL procedure successfully completed.


Commit complete.

bars\data\bmd\V_CORE_GROUPUR_UO.bmd

PL/SQL procedure successfully completed.


Commit complete.

bars\data\bmd\V_CORE_OWNERJUR_UO.bmd

PL/SQL procedure successfully completed.


Commit complete.

bars\data\bmd\V_CORE_OWNERPP_UO.bmd

PL/SQL procedure successfully completed.


Commit complete.

bars\data\bmd\V_CORE_PARTNERS_UO.bmd

PL/SQL procedure successfully completed.


Commit complete.

bars\data\bmd\V_CORE_PLEDGE_DEP.bmd

PL/SQL procedure successfully completed.


Commit complete.

bars\data\bmd\V_CORE_UO_SHOW.bmd

PL/SQL procedure successfully completed.


Commit complete.

bars\data\bmd\V_NBU_CORE_DATA_REQUEST.bmd

PL/SQL procedure successfully completed.


Commit complete.

bars\data\bmd\V_NBU_CREDIT.bmd

PL/SQL procedure successfully completed.


Commit complete.

bars\data\bmd\V_NBU_DOCUMENT_FO.bmd

PL/SQL procedure successfully completed.


Commit complete.

bars\data\bmd\V_NBU_FO_SHOW.bmd

PL/SQL procedure successfully completed.


Commit complete.

bars\data\bmd\V_NBU_FORM_601.bmd

PL/SQL procedure successfully completed.


Commit complete.

bars\data\bmd\V_NBU_GROUPUR_UO.bmd

PL/SQL procedure successfully completed.


Commit complete.

bars\data\bmd\V_NBU_OWNERJUR_UO.bmd

PL/SQL procedure successfully completed.


Commit complete.

bars\data\bmd\V_NBU_OWNERPP_UO.bmd

PL/SQL procedure successfully completed.


Commit complete.

bars\data\bmd\V_NBU_PARTNERS_UO.bmd

PL/SQL procedure successfully completed.


Commit complete.

bars\data\bmd\V_NBU_PLEDGE_DEP.bmd

PL/SQL procedure successfully completed.


Commit complete.

bars\data\bmd\V_NBU_SESSION_HISTORY.bmd

PL/SQL procedure successfully completed.


Commit complete.

bars\data\bmd\V_NBU_UO_SHOW.bmd

PL/SQL procedure successfully completed.


Commit complete.

bars\data\DATA_NBU_BRANCH_601.sql

PL/SQL procedure successfully completed.

bars\data\DATA_NBU_DATA_TYPE_601.sql

PL/SQL procedure successfully completed.

disconnect bars
Disconnected from Oracle Database 11g Enterprise Edition Release 11.2.0.4.0 - 64bit Production
With the Partitioning, Automatic Storage Management, OLAP, Data Mining
and Real Application Testing options
...
... connecting as sys
...
Connected.
@sys\script\create_schema_nbu_gateway.sql

PL/SQL procedure successfully completed.


Grant succeeded.


Grant succeeded.


Grant succeeded.


Grant succeeded.


Grant succeeded.


Grant succeeded.


Grant succeeded.


Grant succeeded.


Grant succeeded.


Grant succeeded.


Grant succeeded.


Grant succeeded.


Grant succeeded.


Grant succeeded.


Grant succeeded.


Grant succeeded.


Grant succeeded.


Grant succeeded.


Grant succeeded.


Grant succeeded.


Grant succeeded.


Grant succeeded.


Grant succeeded.


Grant succeeded.


Grant succeeded.


Grant succeeded.


Grant succeeded.


Grant succeeded.

disconnect sys
Disconnected from Oracle Database 11g Enterprise Edition Release 11.2.0.4.0 - 64bit Production
With the Partitioning, Automatic Storage Management, OLAP, Data Mining
and Real Application Testing options
...
... connecting as nbu_gateway
...
Connected.
@nbu_gateway\table\nbu_reported_object.sql

PL/SQL procedure successfully completed.

@nbu_gateway\table\nbu_reported_object_tracking.sql

PL/SQL procedure successfully completed.

@nbu_gateway\table\nbu_reported_customer.sql

PL/SQL procedure successfully completed.


PL/SQL procedure successfully completed.


PL/SQL procedure successfully completed.


PL/SQL procedure successfully completed.

@nbu_gateway\table\nbu_reported_company.sql

PL/SQL procedure successfully completed.


PL/SQL procedure successfully completed.


PL/SQL procedure successfully completed.


PL/SQL procedure successfully completed.

@nbu_gateway\table\nbu_reported_person.sql

PL/SQL procedure successfully completed.


PL/SQL procedure successfully completed.


PL/SQL procedure successfully completed.


PL/SQL procedure successfully completed.

@nbu_gateway\table\nbu_reported_pledge.sql

PL/SQL procedure successfully completed.


PL/SQL procedure successfully completed.


PL/SQL procedure successfully completed.

@nbu_gateway\table\nbu_reported_loan.sql

PL/SQL procedure successfully completed.


PL/SQL procedure successfully completed.

@nbu_gateway\table\nbu_session.sql

PL/SQL procedure successfully completed.


PL/SQL procedure successfully completed.

@nbu_gateway\table\nbu_session_tracking.sql

PL/SQL procedure successfully completed.

@nbu_gateway\table\nbu_report_instance.sql

PL/SQL procedure successfully completed.

@nbu_gateway\table\nbu_report_instance_tracking.sql

PL/SQL procedure successfully completed.

@nbu_gateway\table\nbu_core_data_request_type.sql

PL/SQL procedure successfully completed.

@nbu_gateway\table\nbu_core_data_request.sql

PL/SQL procedure successfully completed.


PL/SQL procedure successfully completed.


PL/SQL procedure successfully completed.

@nbu_gateway\table\nbu_core_data_request_tracking.sql

PL/SQL procedure successfully completed.

@nbu_gateway\table\nbu_core_branch.sql

PL/SQL procedure successfully completed.


PL/SQL procedure successfully completed.

@nbu_gateway\table\core_address_fo.sql

PL/SQL procedure successfully completed.


Comment created.


Comment created.


Comment created.


Comment created.


Comment created.


Comment created.


Comment created.


Comment created.


Comment created.


Comment created.


PL/SQL procedure successfully completed.


PL/SQL procedure successfully completed.

@nbu_gateway\table\core_credit.sql

PL/SQL procedure successfully completed.


Comment created.


Comment created.


Comment created.


Comment created.


Comment created.


Comment created.


Comment created.


Comment created.


Comment created.


Comment created.


Comment created.


Comment created.


Comment created.


Comment created.


Comment created.


Comment created.


Comment created.


Comment created.


Comment created.


Comment created.


Comment created.


Comment created.


Comment created.


Comment created.


Comment created.


Comment created.


PL/SQL procedure successfully completed.

@nbu_gateway\table\core_credit_pledge.sql

PL/SQL procedure successfully completed.


Comment created.


Comment created.


Comment created.


Comment created.


Comment created.


PL/SQL procedure successfully completed.

@nbu_gateway\table\core_credit_tranche.sql

PL/SQL procedure successfully completed.


Comment created.


Comment created.


Comment created.


Comment created.


Comment created.


Comment created.


Comment created.


Comment created.


Comment created.


Comment created.


Comment created.


Comment created.


Comment created.


Comment created.


Comment created.


Comment created.


Comment created.


Comment created.


Comment created.


PL/SQL procedure successfully completed.

@nbu_gateway\table\core_document_fo.sql

PL/SQL procedure successfully completed.


Comment created.


Comment created.


Comment created.


Comment created.


Comment created.


Comment created.


PL/SQL procedure successfully completed.

@nbu_gateway\table\core_family_fo.sql

PL/SQL procedure successfully completed.


Comment created.


Comment created.


Comment created.


Comment created.


PL/SQL procedure successfully completed.

@nbu_gateway\table\core_finperformance_uo.sql

PL/SQL procedure successfully completed.


Comment created.


Comment created.


Comment created.


Comment created.


Comment created.


Comment created.


PL/SQL procedure successfully completed.

@nbu_gateway\table\core_finperformancegr_uo.sql

PL/SQL procedure successfully completed.


Comment created.


Comment created.


Comment created.


Comment created.


Comment created.


Comment created.


Comment created.


PL/SQL procedure successfully completed.

@nbu_gateway\table\core_finperformancepr_uo.sql

PL/SQL procedure successfully completed.


Comment created.


Comment created.


Comment created.


Comment created.


Comment created.


Comment created.


PL/SQL procedure successfully completed.

@nbu_gateway\table\core_groupur_uo.sql

PL/SQL procedure successfully completed.


Comment created.


Comment created.


Comment created.


Comment created.


Comment created.


Comment created.


Comment created.


PL/SQL procedure successfully completed.

@nbu_gateway\table\core_organization_fo.sql

PL/SQL procedure successfully completed.


Comment created.


Comment created.


Comment created.


Comment created.


Comment created.


PL/SQL procedure successfully completed.

@nbu_gateway\table\core_ownerjur_uo.sql

PL/SQL procedure successfully completed.


Comment created.


Comment created.


Comment created.


Comment created.


Comment created.


Comment created.


Comment created.


Comment created.


Comment created.


Comment created.


PL/SQL procedure successfully completed.

@nbu_gateway\table\core_ownerpp_uo.sql

PL/SQL procedure successfully completed.


Comment created.


Comment created.


Comment created.


Comment created.


Comment created.


Comment created.


Comment created.


Comment created.


Comment created.


Comment created.


PL/SQL procedure successfully completed.

@nbu_gateway\table\core_partners_uo.sql

PL/SQL procedure successfully completed.


Comment created.


Comment created.


Comment created.


Comment created.


Comment created.


Comment created.


PL/SQL procedure successfully completed.

@nbu_gateway\table\core_person_fo.sql

PL/SQL procedure successfully completed.


Comment created.


Comment created.


Comment created.


Comment created.


Comment created.


Comment created.


Comment created.


Comment created.


Comment created.


PL/SQL procedure successfully completed.

@nbu_gateway\table\core_person_uo.sql

PL/SQL procedure successfully completed.


Comment created.


Comment created.


Comment created.


Comment created.


Comment created.


Comment created.


Comment created.


Comment created.


Comment created.


Comment created.


Comment created.


Comment created.


Comment created.


Comment created.


Comment created.


Comment created.


PL/SQL procedure successfully completed.

@nbu_gateway\table\core_pledge_dep.sql

PL/SQL procedure successfully completed.


Comment created.


Comment created.


Comment created.


Comment created.


Comment created.


Comment created.


Comment created.


Comment created.


Comment created.


Comment created.


Comment created.


Comment created.


Comment created.


Comment created.


Comment created.


Comment created.


Comment created.


Comment created.


Comment created.


Comment created.


Comment created.


PL/SQL procedure successfully completed.

@nbu_gateway\table\core_profit_fo.sql

PL/SQL procedure successfully completed.


Comment created.


Comment created.


Comment created.


Comment created.


PL/SQL procedure successfully completed.

@nbu_gateway\table\tmp_company.sql

PL/SQL procedure successfully completed.

@nbu_gateway\table\tmp_person.sql

PL/SQL procedure successfully completed.

@nbu_gateway\table\tmp_pledge.sql

PL/SQL procedure successfully completed.

@nbu_gateway\table\tmp_loan.sql

PL/SQL procedure successfully completed.

@nbu_gateway\sequence\s_nbu_report_instance.sql

PL/SQL procedure successfully completed.

@nbu_gateway\sequence\s_nbu_core_data_request.sql

PL/SQL procedure successfully completed.

@nbu_gateway\sequence\s_nbu_core_data_request_type.sql

PL/SQL procedure successfully completed.

@nbu_gateway\sequence\s_nbu_non_resident_counter.sql

PL/SQL procedure successfully completed.

@nbu_gateway\sequence\s_nbu_session.sql

PL/SQL procedure successfully completed.

@nbu_gateway\sequence\s_nbu_session_tracking.sql

PL/SQL procedure successfully completed.

@nbu_gateway\sequence\s_nbu_reported_object.sql

PL/SQL procedure successfully completed.

@nbu_gateway\type\t_core_object.sql

Type created.


Type created.

@nbu_gateway\type\t_core_person_address.sql

Type created.


Type created.

@nbu_gateway\type\t_core_person_documents.sql

Type created.


Type created.

@nbu_gateway\type\t_core_person_workplace.sql

Type created.


Type created.

@nbu_gateway\type\t_core_person.sql

Type created.


Type body created.

@nbu_gateway\type\t_core_company_group.sql

Type created.


Type body created.


Type created.

@nbu_gateway\type\t_core_company_owner_persons.sql

Type created.


Type created.

@nbu_gateway\type\t_core_company_owner_companies.sql

Type created.


Type created.

@nbu_gateway\type\t_core_company_partners.sql

Type created.


Type created.

@nbu_gateway\type\t_core_company.sql

Type created.


Type body created.

@nbu_gateway\type\t_core_loan_pledges.sql

Type created.


Type created.

@nbu_gateway\type\t_core_loan_tranches.sql

Type created.


Type created.

@nbu_gateway\type\t_core_loan.sql

Type created.


Type body created.

@nbu_gateway\type\t_core_pledge_deposits.sql

Type created.


Type created.

@nbu_gateway\type\t_core_pledge.sql

Type created.


Type body created.

@nbu_gateway\type\t_nbu_response_protected.sql

Type created.


Type body created.

@nbu_gateway\type\t_nbu_response_payload_units.sql

Type created.


Type body created.


Type created.

@nbu_gateway\type\t_nbu_response_payload.sql

Type created.


Type body created.

@nbu_gateway\type\t_nbu_response.sql

Type created.


Type body created.

@nbu_gateway\package\json_utl.sql

Package created.


Package body created.

@nbu_gateway\package\nbu_core_service.sql

Package created.


Package body created.

@nbu_gateway\package\nbu_data_service.sql

Package created.


Package body created.

@nbu_gateway\package\nbu_object_utl.sql

Package created.


Package body created.

@nbu_gateway\package\nbu_service_utl.sql

Package created.


Package body created.

@nbu_gateway\package\nbu_601_parse_xml.sql
=====================================================================================
*** Run *** ========== Scripts /Sql/BARS/PACKAGE/nbu_gateway.nbu_601_parse_xml.sql =========*** Run ***
=====================================================================================

Package created.


Package body created.


Grant succeeded.


Grant succeeded.

=====================================================================================
*** End*** ========== Scripts /Sql/BARS/PACKAGE/nbu_gateway.nbu_601_parse_xml.sql =========*** end***
=====================================================================================
@nbu_gateway\view\v_nbu_session.sql

View created.


Grant succeeded.

@nbu_gateway\view\v_nbu_session_to_sign.sql

View created.


Grant succeeded.

@nbu_gateway\view\v_nbu_session_history.sql

View created.


Grant succeeded.

@nbu_gateway\view\v_nbu_core_data_request.sql

View created.


Comment created.


Comment created.


Comment created.


Comment created.


Comment created.


Comment created.


Comment created.


Comment created.

@nbu_gateway\view\V_CORE_ADDRESS_FO.sql
=====================================================================================
*** Run *** ========== Scripts /Sql/NBU_GATEWAY/View/V_CORE_ADDRESS_FO.sql =========*** Run ***
=====================================================================================
*** Create  view V_CORE_ADDRESS_FO ***

View created.


Grant succeeded.

=====================================================================================
*** End *** ========== Scripts /Sql/NBU_GATEWAY/View/V_CORE_ADDRESS_FO.sql =========*** End ***
=====================================================================================
@nbu_gateway\view\V_CORE_CREDIT.sql
=====================================================================================
*** Run *** ========== Scripts /Sql/NBU_GATEWAY/View/V_CORE_CREDIT.sql =========*** Run ***
=====================================================================================
*** Create  view V_CORE_CREDIT ***

View created.


Grant succeeded.

=====================================================================================
*** End *** ========== Scripts /Sql/NBU_GATEWAY/View/V_CORE_CREDIT.sql =========*** End ***
=====================================================================================
@nbu_gateway\view\V_CORE_CREDIT_PLEDGE.sql
=====================================================================================
*** Run *** ========== Scripts /Sql/NBU_GATEWAY/View/V_CORE_CREDIT_PLEDGE.sql =========*** Run ***
=====================================================================================
*** Create  view V_CORE_CREDIT_PLEDGE ***

View created.


Grant succeeded.

=====================================================================================
*** End *** ========== Scripts /Sql/NBU_GATEWAY/View/V_CORE_CREDIT_PLEDGE.sql =========*** End ***
=====================================================================================
@nbu_gateway\view\V_CORE_CREDIT_TRANCHE.sql
=====================================================================================
*** Run *** ========== Scripts /Sql/NBU_GATEWAY/View/V_CORE_CREDIT_TRANCHE.sql =========*** Run ***
=====================================================================================
*** Create  view V_CORE_CREDIT_TRANCHE ***

View created.


Grant succeeded.

=====================================================================================
*** End *** ========== Scripts /Sql/NBU_GATEWAY/View/V_CORE_CREDIT_TRANCHE.sql =========*** End ***
=====================================================================================
@nbu_gateway\view\V_CORE_DOCUMENT_FO.sql
=====================================================================================
*** Run *** ========== Scripts /Sql/NBU_GATEWAY/View/V_CORE_DOCUMENT_FO.sql =========*** Run ***
=====================================================================================
*** Create  view V_CORE_DOCUMENT_FO ***

View created.


Grant succeeded.

=====================================================================================
*** End *** ========== Scripts /Sql/NBU_GATEWAY/View/V_CORE_DOCUMENT_FO.sql =========*** End ***
=====================================================================================
@nbu_gateway\view\V_CORE_FAMILY_FO.sql
=====================================================================================
*** Run *** ========== Scripts /Sql/NBU_GATEWAY/View/V_CORE_FAMILY_FO.sql =========*** Run ***
=====================================================================================
*** Create  view V_CORE_FAMILY_FO ***

View created.


Grant succeeded.

=====================================================================================
*** End *** ========== Scripts /Sql/NBU_GATEWAY/View/V_CORE_FAMILY_FO.sql =========*** End ***
=====================================================================================
@nbu_gateway\view\V_CORE_FINPERFORMANCE_UO.sql
=====================================================================================
*** Run *** ========== Scripts /Sql/NBU_GATEWAY/View/V_CORE_FINPERFORMANCE_UO.sql =========*** Run ***
=====================================================================================
*** Create  view V_CORE_FINPERFORMANCE_UO ***

View created.


Grant succeeded.

=====================================================================================
*** End *** ========== Scripts /Sql/NBU_GATEWAY/View/V_CORE_FINPERFORMANCE_UO.sql =========*** End ***
=====================================================================================
@nbu_gateway\view\V_CORE_FINPERFORMANCEGR_UO.sql
=====================================================================================
*** Run *** ========== Scripts /Sql/NBU_GATEWAY/View/V_CORE_FINPERFORMANCEGR_UO.sql =========*** Run ***
=====================================================================================
*** Create  view V_CORE_FINPERFORMANCEGR_UO ***

View created.


Grant succeeded.

=====================================================================================
*** End *** ========== Scripts /Sql/NBU_GATEWAY/View/V_CORE_FINPERFORMANCEGR_UO.sql =========*** End ***
=====================================================================================
@nbu_gateway\view\V_CORE_FINPERFORMANCEPR_UO.sql
=====================================================================================
*** Run *** ========== Scripts /Sql/NBU_GATEWAY/View/V_CORE_FINPERFORMANCEPR_UO.sql =========*** Run ***
=====================================================================================
*** Create  view V_CORE_FINPERFORMANCEPR_UO ***

View created.


Grant succeeded.

=====================================================================================
*** End *** ========== Scripts /Sql/NBU_GATEWAY/View/V_CORE_FINPERFORMANCEPR_UO.sql =========*** End ***
=====================================================================================
@nbu_gateway\view\V_CORE_GROUPUR_UO.sql
=====================================================================================
*** Run *** ========== Scripts /Sql/NBU_GATEWAY/View/V_CORE_GROUPUR_UO.sql =========*** Run ***
=====================================================================================
*** Create  view V_CORE_GROUPUR_UO ***

View created.


Grant succeeded.

=====================================================================================
*** End *** ========== Scripts /Sql/NBU_GATEWAY/View/V_CORE_GROUPUR_UO.sql =========*** End ***
=====================================================================================
@nbu_gateway\view\V_CORE_OWNERJUR_UO.sql
=====================================================================================
*** Run *** ========== Scripts /Sql/NBU_GATEWAY/View/V_CORE_OWNERJUR_UO.sql =========*** Run ***
=====================================================================================
*** Create  view V_CORE_OWNERJUR_UO ***

View created.


Grant succeeded.

=====================================================================================
*** End *** ========== Scripts /Sql/NBU_GATEWAY/View/V_CORE_OWNERJUR_UO.sql =========*** End ***
=====================================================================================
@nbu_gateway\view\V_CORE_OWNERPP_UO.sql
=====================================================================================
*** Run *** ========== Scripts /Sql/NBU_GATEWAY/View/V_CORE_OWNERPP_UO.sql =========*** Run ***
=====================================================================================
*** Create  view V_CORE_OWNERPP_UO ***

View created.


Grant succeeded.

=====================================================================================
*** End *** ========== Scripts /Sql/NBU_GATEWAY/View/V_CORE_OWNERPP_UO.sql =========*** End ***
=====================================================================================
@nbu_gateway\view\V_CORE_PARTNERS_UO.sql
=====================================================================================
*** Run *** ========== Scripts /Sql/NBU_GATEWAY/View/V_CORE_PARTNERS_UO.sql =========*** Run ***
=====================================================================================
*** Create  view V_CORE_PARTNERS_UO ***

View created.


Grant succeeded.

=====================================================================================
*** End *** ========== Scripts /Sql/NBU_GATEWAY/View/V_CORE_PARTNERS_UO.sql =========*** End ***
=====================================================================================
@nbu_gateway\view\V_CORE_PERSON_FO.sql
=====================================================================================
*** Run *** ========== Scripts /Sql/NBU_GATEWAY/View/V_CORE_PERSON_FO.sql =========*** Run ***
=====================================================================================
*** Create  view V_CORE_PERSON_FO ***

View created.


Grant succeeded.

=====================================================================================
*** End *** ========== Scripts /Sql/NBU_GATEWAY/View/V_CORE_PERSON_FO.sql =========*** End ***
=====================================================================================
@nbu_gateway\view\V_CORE_PERSON_UO.sql
=====================================================================================
*** Run *** ========== Scripts /Sql/NBU_GATEWAY/View/V_CORE_PERSON_UO.sql =========*** Run ***
=====================================================================================
*** Create  view V_CORE_PERSON_UO ***

View created.


Grant succeeded.

=====================================================================================
*** End *** ========== Scripts /Sql/NBU_GATEWAY/View/V_CORE_PERSON_UO.sql =========*** End ***
=====================================================================================
@nbu_gateway\view\V_CORE_PLEDGE_DEP.sql
=====================================================================================
*** Run *** ========== Scripts /Sql/NBU_GATEWAY/View/V_CORE_PLEDGE_DEP.sql =========*** Run ***
=====================================================================================
*** Create  view V_CORE_PLEDGE_DEP ***

View created.


Grant succeeded.

=====================================================================================
*** End *** ========== Scripts /Sql/NBU_GATEWAY/View/V_CORE_PLEDGE_DEP.sql =========*** End ***
=====================================================================================
@nbu_gateway\view\V_CORE_PROFIT_FO.sql
=====================================================================================
*** Run *** ========== Scripts /Sql/NBU_GATEWAY/View/V_CORE_PROFIT_FO.sql =========*** Run ***
=====================================================================================
*** Create  view V_CORE_PROFIT_FO ***

View created.


Grant succeeded.

=====================================================================================
*** End *** ========== Scripts /Sql/NBU_GATEWAY/View/V_CORE_PROFIT_FO.sql =========*** End ***
=====================================================================================
@nbu_gateway\data\fill_core_data_request_type.sql

PL/SQL procedure successfully completed.

@nbu_gateway\data\fill_regional_service_params.sql

PL/SQL procedure successfully completed.

@nbu_gateway\script\fill_list_item_nbu_601.sql

PL/SQL procedure successfully completed.

@nbu_gateway\script\set_parameters.sql

PL/SQL procedure successfully completed.

@nbu_gateway\script\grants.sql

Grant succeeded.


Grant succeeded.


Grant succeeded.


Grant succeeded.


Grant succeeded.

disconnect nbu_gateway
Disconnected from Oracle Database 11g Enterprise Edition Release 11.2.0.4.0 - 64bit Production
With the Partitioning, Automatic Storage Management, OLAP, Data Mining
and Real Application Testing options
...
... connecting as bars
...
Connected.
bars\view\V_CORE_ADDRESS_FO.sql
=====================================================================================
*** Run *** ========== Scripts /Sql/BARS/View/V_CORE_ADDRESS_FO.sql =========**
=====================================================================================
*** Create  view V_CORE_ADDRESS_FO ***

View created.

*** Create  grants  V_CORE_ADDRESS_FO ***

Grant succeeded.

=====================================================================================
*** End *** ========== Scripts /Sql/BARS/View/V_CORE_ADDRESS_FO.sql =========**
=====================================================================================
bars\view\V_CORE_CREDIT.sql
=====================================================================================
*** Run *** ========== Scripts /Sql/BARS/View/V_CORE_CREDIT.sql =========**
=====================================================================================
*** Create  view V_CORE_CREDIT ***

View created.

*** Create  grants  V_CORE_CREDIT ***

Grant succeeded.

=====================================================================================
*** End *** ========== Scripts /Sql/BARS/View/V_CORE_CREDIT.sql =========**
=====================================================================================
bars\view\V_CORE_DOCUMENT_FO.sql
=====================================================================================
*** Run *** ========== Scripts /Sql/BARS/View/V_CORE_DOCUMENT_FO.sql =========**
=====================================================================================
*** Create  view V_CORE_DOCUMENT_FO ***

View created.

*** Create  grants  V_CORE_DOCUMENT_FO ***

Grant succeeded.

=====================================================================================
*** End *** ========== Scripts /Sql/BARS/View/V_CORE_DOCUMENT_FO.sql =========**
=====================================================================================
bars\view\V_CORE_FAMILY_FO.sql
=====================================================================================
*** Run *** ========== Scripts /Sql/BARS/View/V_CORE_FAMILY_FO.sql =========**
=====================================================================================
*** Create  view V_CORE_FAMILY_FO ***

View created.

*** Create  grants  V_CORE_FAMILY_FO ***

Grant succeeded.

=====================================================================================
*** End *** ========== Scripts /Sql/BARS/View/V_CORE_FAMILY_FO.sql =========**
=====================================================================================
bars\view\V_CORE_FINPERFORMANCE_UO.sql
=====================================================================================
*** Run *** ========== Scripts /Sql/BARS/View/V_CORE_FINPERFORMANCE_UO.sql =========**
=====================================================================================
*** Create  view V_CORE_FINPERFORMANCE_UO ***

View created.

*** Create  grants  V_CORE_FINPERFORMANCE_UO ***

Grant succeeded.

=====================================================================================
*** End *** ========== Scripts /Sql/BARS/View/V_CORE_FINPERFORMANCE_UO.sql =========**
=====================================================================================
bars\view\V_CORE_FINPERFORMANCEGR_UO.sql
=====================================================================================
*** Run *** ========== Scripts /Sql/BARS/View/V_CORE_FINPERFORMANCEGR_UO.sql =========**
=====================================================================================
*** Create  view V_CORE_FINPERFORMANCEGR_UO ***

View created.

*** Create  grants  V_CORE_FINPERFORMANCEGR_UO ***

Grant succeeded.

=====================================================================================
*** End *** ========== Scripts /Sql/BARS/View/V_CORE_FINPERFORMANCEGR_UO.sql =========**
=====================================================================================
bars\view\V_CORE_FINPERFORMANCEPR_UO.sql
=====================================================================================
*** Run *** ========== Scripts /Sql/BARS/View/V_CORE_FINPERFORMANCEPR_UO.sql =========**
=====================================================================================
*** Create  view V_CORE_FINPERFORMANCEPR_UO ***

View created.

*** Create  grants  V_CORE_FINPERFORMANCEPR_UO ***

Grant succeeded.

=====================================================================================
*** End *** ========== Scripts /Sql/BARS/View/V_CORE_FINPERFORMANCEPR_UO.sql =========**
=====================================================================================
bars\view\V_CORE_FO_SHOW.sql
=====================================================================================
*** Run *** ========== Scripts /Sql/BARS/View/V_CORE_FO_SHOW.sql =========**
=====================================================================================
*** Create  view V_CORE_FO_SHOW ***

View created.

*** Create  grants  V_CORE_FO_SHOW ***

Grant succeeded.

=====================================================================================
*** End *** ========== Scripts /Sql/BARS/View/V_CORE_FO_SHOW.sql =========**
=====================================================================================
bars\view\V_CORE_GROUPUR_UO.sql
=====================================================================================
*** Run *** ========== Scripts /Sql/BARS/View/V_CORE_GROUPUR_UO.sql =========**
=====================================================================================
*** Create  view V_CORE_GROUPUR_UO ***

View created.

*** Create  grants  V_CORE_GROUPUR_UO ***

Grant succeeded.

=====================================================================================
*** End *** ========== Scripts /Sql/BARS/View/V_CORE_GROUPUR_UO.sql =========**
=====================================================================================
bars\view\V_CORE_OWNERJUR_UO.sql
=====================================================================================
*** Run *** ========== Scripts /Sql/BARS/View/V_CORE_OWNERJUR_UO.sql =========**
=====================================================================================
*** Create  view V_CORE_OWNERJUR_UO ***

View created.

*** Create  grants  V_CORE_OWNERJUR_UO ***

Grant succeeded.

=====================================================================================
*** End *** ========== Scripts /Sql/BARS/View/V_CORE_OWNERJUR_UO.sql =========**
=====================================================================================
bars\view\V_CORE_OWNERPP_UO.sql
=====================================================================================
*** Run *** ========== Scripts /Sql/BARS/View/V_CORE_OWNERPP_UO.sql =========**
=====================================================================================
*** Create  view V_CORE_OWNERPP_UO ***

View created.

*** Create  grants  V_CORE_OWNERPP_UO ***

Grant succeeded.

=====================================================================================
*** End *** ========== Scripts /Sql/BARS/View/V_CORE_OWNERPP_UO.sql =========**
=====================================================================================
bars\view\V_CORE_PARTNERS_UO.sql
=====================================================================================
*** Run *** ========== Scripts /Sql/BARS/View/V_CORE_PARTNERS_UO.sql =========**
=====================================================================================
*** Create  view V_CORE_PARTNERS_UO ***

View created.

*** Create  grants  V_CORE_PARTNERS_UO ***

Grant succeeded.

=====================================================================================
*** End *** ========== Scripts /Sql/BARS/View/V_CORE_PARTNERS_UO.sql =========**
=====================================================================================
bars\view\V_CORE_PERSON_FO.sql
=====================================================================================
*** Run *** ========== Scripts /Sql/BARS/View/V_CORE_PERSON_FO.sql =========**
=====================================================================================
*** Create  view V_CORE_PERSON_FO ***

View created.

*** Create  grants  V_CORE_PERSON_FO ***

Grant succeeded.

=====================================================================================
*** End *** ========== Scripts /Sql/BARS/View/V_CORE_PERSON_FO.sql =========**
=====================================================================================
bars\view\V_CORE_PERSON_UO.sql
=====================================================================================
*** Run *** ========== Scripts /Sql/BARS/View/V_CORE_PERSON_UO.sql =========**
=====================================================================================
*** Create  view V_CORE_PERSON_UO ***

View created.

*** Create  grants  V_CORE_PERSON_UO ***

Grant succeeded.

=====================================================================================
*** End *** ========== Scripts /Sql/BARS/View/V_CORE_PERSON_UO.sql =========**
=====================================================================================
bars\view\V_CORE_PLEDGE_DEP.sql
=====================================================================================
*** Run *** ========== Scripts /Sql/BARS/View/V_CORE_PLEDGE_DEP.sql =========**
=====================================================================================
*** Create  view V_CORE_PLEDGE_DEP ***

View created.

*** Create  grants  V_CORE_PLEDGE_DEP ***

Grant succeeded.

=====================================================================================
*** End *** ========== Scripts /Sql/BARS/View/V_CORE_PLEDGE_DEP.sql =========**
=====================================================================================
bars\view\V_CORE_PROFIT_FO.sql
=====================================================================================
*** Run *** ========== Scripts /Sql/BARS/View/V_CORE_PROFIT_FO.sql =========**
=====================================================================================
*** Create  view V_CORE_PROFIT_FO ***

View created.

*** Create  grants  V_CORE_PROFIT_FO ***

Grant succeeded.

=====================================================================================
*** End *** ========== Scripts /Sql/BARS/View/V_CORE_PROFIT_FO.sql =========**
=====================================================================================
bars\view\V_CORE_UO_SHOW.sql
=====================================================================================
*** Run *** ========== Scripts /Sql/BARS/View/V_CORE_UO_SHOW.sql =========**
=====================================================================================
*** Create  view V_CORE_UO_SHOW ***

View created.

*** Create  grants  V_CORE_UO_SHOW ***

Grant succeeded.

=====================================================================================
*** End *** ========== Scripts /Sql/BARS/View/V_CORE_UO_SHOW.sql =========**
=====================================================================================
disconnect bars
Disconnected from Oracle Database 11g Enterprise Edition Release 11.2.0.4.0 - 64bit Production
With the Partitioning, Automatic Storage Management, OLAP, Data Mining
and Real Application Testing options
