2018-02-16 17:09:31.2769  YEVHEN-VASIN  11724  w3wp  Warn  Bars.API.Core.Extensions.BarsLog : Log Event: Logger='BarsLog' Level=Warn Message='Оброблено запит	952 msec 	200(OK)' SequenceID=11
2018-02-16 17:09:31.2769  YEVHEN-VASIN  11724  w3wp  Warn  Bars.API.Core.Extensions.BarsLog : Log Event: Logger='BarsLog' Level=Warn Message='Оброблено запит	4805 msec 	200(OK)' SequenceID=10
2018-02-16 17:09:53.1828  YEVHEN-VASIN  11724  w3wp  Warn  Bars.API.Core.Extensions.BarsLog : Log Event: Logger='BarsLog' Level=Warn Message='Оброблено запит	38 msec 	200(OK)' SequenceID=14
2018-02-16 17:10:30.7977  YEVHEN-VASIN  11724  w3wp  Warn  Bars.API.Core.Extensions.BarsLog : Log Event: Logger='BarsLog' Level=Warn Message='Оброблено запит	58 msec 	200(OK)' SequenceID=16
2018-02-16 17:11:30.6980  YEVHEN-VASIN  9164  w3wp  Warn  Bars.API.Core.Extensions.BarsLog : Log Event: Logger='BarsLog' Level=Warn Message='Оброблено запит	1909 msec 	200(OK)' SequenceID=10
2018-02-16 17:11:32.0001  YEVHEN-VASIN  9164  w3wp  Warn  Bars.API.Core.Extensions.BarsLog : Log Event: Logger='BarsLog' Level=Warn Message='Оброблено запит	33 msec 	200(OK)' SequenceID=12
2018-02-16 17:12:58.5135  YEVHEN-VASIN  9164  w3wp  Warn  Bars.API.Core.Extensions.BarsLog : Log Event: Logger='BarsLog' Level=Warn Message='Оброблено запит	42 msec 	200(OK)' SequenceID=14
2018-02-16 17:14:40.2125  YEVHEN-VASIN  11336  w3wp  Warn  Bars.API.Core.Extensions.BarsLog : Log Event: Logger='BarsLog' Level=Warn Message='Оброблено запит	2601 msec 	200(OK)' SequenceID=10
2018-02-16 17:14:43.8980  YEVHEN-VASIN  11336  w3wp  Warn  Bars.API.Core.Extensions.BarsLog : Log Event: Logger='BarsLog' Level=Warn Message='Оброблено запит	6295 msec 	200(OK)' SequenceID=12
2018-02-16 17:14:57.6804  YEVHEN-VASIN  11336  w3wp  Warn  Bars.API.Core.Extensions.BarsLog : Log Event: Logger='BarsLog' Level=Warn Message='Оброблено запит	289 msec 	200(OK)' SequenceID=14
2018-02-16 17:15:37.7142  YEVHEN-VASIN  11336  w3wp  Warn  Bars.API.Core.Extensions.BarsLog : Log Event: Logger='BarsLog' Level=Warn Message='Оброблено запит	11530 msec 	200(OK)' SequenceID=16
2018-02-16 17:51:06.1939  YEVHEN-VASIN  11336  w3wp  Warn  Bars.API.Core.Extensions.BarsLog : Log Event: Logger='BarsLog' Level=Warn Message='Оброблено запит	2119876 msec 	200(OK)' SequenceID=18
2018-02-16 17:51:19.3832  YEVHEN-VASIN  11336  w3wp  Warn  Bars.API.Core.Extensions.BarsLog : Log Event: Logger='BarsLog' Level=Warn Message='Оброблено запит	679 msec 	200(OK)' SequenceID=20
2018-02-16 17:51:24.9048  YEVHEN-VASIN  11336  w3wp  Warn  Bars.API.Core.Extensions.BarsLog : Log Event: Logger='BarsLog' Level=Warn Message='Оброблено запит	412 msec 	200(OK)' SequenceID=22
2018-02-16 17:51:28.3733  YEVHEN-VASIN  11336  w3wp  Warn  Bars.API.Core.Extensions.BarsLog : Log Event: Logger='BarsLog' Level=Warn Message='Оброблено запит	1592 msec 	200(OK)' SequenceID=24
2018-02-16 17:52:34.1633  YEVHEN-VASIN  11336  w3wp  Warn  Bars.API.Core.Extensions.BarsLog : Log Event: Logger='BarsLog' Level=Warn Message='Оброблено запит	54233 msec 	200(OK)' SequenceID=26
2018-02-16 17:53:21.7830  YEVHEN-VASIN  11336  w3wp  Warn  Bars.API.Core.Extensions.BarsLog : Log Event: Logger='BarsLog' Level=Warn Message='Оброблено запит	24423 msec 	200(OK)' SequenceID=28
2018-02-16 17:55:36.2511  YEVHEN-VASIN  11336  w3wp  Warn  Bars.API.Core.Extensions.BarsLog : Log Event: Logger='BarsLog' Level=Warn Message='Оброблено запит	3378 msec 	200(OK)' SequenceID=10
2018-02-16 17:55:37.4030  YEVHEN-VASIN  11336  w3wp  Warn  Bars.API.Core.Extensions.BarsLog : Log Event: Logger='BarsLog' Level=Warn Message='Оброблено запит	4538 msec 	200(OK)' SequenceID=12
2018-02-16 17:55:38.4619  YEVHEN-VASIN  11336  w3wp  Warn  Bars.API.Core.Extensions.BarsLog : Log Event: Logger='BarsLog' Level=Warn Message='Оброблено запит	57 msec 	200(OK)' SequenceID=14
2018-02-16 17:55:39.2180  YEVHEN-VASIN  11336  w3wp  Warn  Bars.API.Core.Extensions.BarsLog : Log Event: Logger='BarsLog' Level=Warn Message='Оброблено запит	318 msec 	200(OK)' SequenceID=16
2018-02-16 17:55:39.2315  YEVHEN-VASIN  11336  w3wp  Warn  Bars.API.Core.Extensions.BarsLog : Log Event: Logger='BarsLog' Level=Warn Message='Оброблено запит	248 msec 	200(OK)' SequenceID=18
2018-02-16 17:55:40.5536  YEVHEN-VASIN  11336  w3wp  Warn  Bars.API.Core.Extensions.BarsLog : Log Event: Logger='BarsLog' Level=Warn Message='Оброблено запит	50 msec 	200(OK)' SequenceID=20
2018-02-16 17:55:43.6062  YEVHEN-VASIN  11336  w3wp  Warn  Bars.API.Core.Extensions.BarsLog : Log Event: Logger='BarsLog' Level=Warn Message='Оброблено запит	135 msec 	200(OK)' SequenceID=22
2018-02-16 17:58:17.1242  YEVHEN-VASIN  11336  w3wp  Warn  Bars.API.Core.Extensions.BarsLog : Log Event: Logger='BarsLog' Level=Warn Message='Оброблено запит	131832 msec 	200(OK)' SequenceID=24
2018-02-16 17:58:17.3414  YEVHEN-VASIN  11336  w3wp  Warn  Bars.API.Core.Extensions.BarsLog : Log Event: Logger='BarsLog' Level=Warn Message='Оброблено запит	74 msec 	200(OK)' SequenceID=26
2018-02-16 17:58:17.4025  YEVHEN-VASIN  11336  w3wp  Warn  Bars.API.Core.Extensions.BarsLog : Log Event: Logger='BarsLog' Level=Warn Message='Оброблено запит	50 msec 	200(OK)' SequenceID=28
2018-02-16 18:01:14.6324  YEVHEN-VASIN  11336  w3wp  Warn  Bars.API.Core.Extensions.BarsLog : Log Event: Logger='BarsLog' Level=Warn Message='Оброблено запит	3059 msec 	200(OK)' SequenceID=10
2018-02-16 18:01:15.6379  YEVHEN-VASIN  11336  w3wp  Warn  Bars.API.Core.Extensions.BarsLog : Log Event: Logger='BarsLog' Level=Warn Message='Оброблено запит	470 msec 	200(OK)' SequenceID=12
2018-02-16 18:01:16.6712  YEVHEN-VASIN  11336  w3wp  Warn  Bars.API.Core.Extensions.BarsLog : Log Event: Logger='BarsLog' Level=Warn Message='Оброблено запит	1493 msec 	200(OK)' SequenceID=14
2018-02-16 18:01:18.4903  YEVHEN-VASIN  11336  w3wp  Error  Bars.API.Core.Extensions.BarsExceptionLogger : GET http://localhost/bars.api.web.server/api/v1/server/acct/transactions/incoming/272806301?dateStart=2018-02-15T22:00:00.000Z&dateEnd=2018-02-15T22:00:00.000Z Error mapping types.

Mapping types:
DbQuery`1 -> IEnumerable`1
System.Data.Entity.Infrastructure.DbQuery`1[[Bars.API.Acct.Models.IncomingDocument, Bars.API.Acct.Models, Version=1.0.0.0, Culture=neutral, PublicKeyToken=null]] -> System.Collections.Generic.IEnumerable`1[[Bars.API.Acct.Models.Document, Bars.API.Acct.Models, Version=1.0.0.0, Culture=neutral, PublicKeyToken=null]] Missing type map configuration or unsupported mapping.

Mapping types:
IncomingDocument -> Document
Bars.API.Acct.Models.IncomingDocument -> Bars.API.Acct.Models.Document 
2018-02-16 18:01:18.5256  YEVHEN-VASIN  11336  w3wp  Warn  Bars.API.Core.Extensions.BarsLog : Log Event: Logger='BarsLog' Level=Warn Message='Оброблено запит	279 msec 	200(OK)' SequenceID=17
2018-02-16 18:01:22.8329  YEVHEN-VASIN  11336  w3wp  Error  Bars.API.Core.Extensions.BarsExceptionLogger : GET http://localhost/bars.api.web.server/api/v1/server/acct/transactions/incoming/272806301?dateStart=2018-02-13T22:00:00.000Z&dateEnd=2018-02-15T22:00:00.000Z Error mapping types.

Mapping types:
DbQuery`1 -> IEnumerable`1
System.Data.Entity.Infrastructure.DbQuery`1[[Bars.API.Acct.Models.IncomingDocument, Bars.API.Acct.Models, Version=1.0.0.0, Culture=neutral, PublicKeyToken=null]] -> System.Collections.Generic.IEnumerable`1[[Bars.API.Acct.Models.Document, Bars.API.Acct.Models, Version=1.0.0.0, Culture=neutral, PublicKeyToken=null]] Missing type map configuration or unsupported mapping.

Mapping types:
IncomingDocument -> Document
Bars.API.Acct.Models.IncomingDocument -> Bars.API.Acct.Models.Document 
2018-02-16 18:01:22.8329  YEVHEN-VASIN  11336  w3wp  Warn  Bars.API.Core.Extensions.BarsLog : Log Event: Logger='BarsLog' Level=Warn Message='Оброблено запит	103 msec 	200(OK)' SequenceID=20
2018-02-16 18:02:04.0136  YEVHEN-VASIN  11336  w3wp  Error  Bars.API.Core.Extensions.BarsExceptionLogger : GET http://localhost/bars.api.web.server/api/v1/server/acct/transactions/incoming/272806301?dateStart=2018-02-14T22:00:00.000Z&dateEnd=2018-02-15T22:00:00.000Z Error mapping types.

Mapping types:
DbQuery`1 -> IEnumerable`1
System.Data.Entity.Infrastructure.DbQuery`1[[Bars.API.Acct.Models.IncomingDocument, Bars.API.Acct.Models, Version=1.0.0.0, Culture=neutral, PublicKeyToken=null]] -> System.Collections.Generic.IEnumerable`1[[Bars.API.Acct.Models.Document, Bars.API.Acct.Models, Version=1.0.0.0, Culture=neutral, PublicKeyToken=null]] Missing type map configuration or unsupported mapping.

Mapping types:
IncomingDocument -> Document
Bars.API.Acct.Models.IncomingDocument -> Bars.API.Acct.Models.Document 
2018-02-16 18:02:04.0214  YEVHEN-VASIN  11336  w3wp  Warn  Bars.API.Core.Extensions.BarsLog : Log Event: Logger='BarsLog' Level=Warn Message='Оброблено запит	19088 msec 	200(OK)' SequenceID=23
2018-02-16 18:03:04.6305  YEVHEN-VASIN  11336  w3wp  Error  Bars.API.Core.Extensions.BarsExceptionLogger : GET http://localhost/bars.api.web.server/api/v1/server/acct/transactions/incoming/272806301?dateStart=2018-02-13T22:00:00.000Z&dateEnd=2018-02-15T22:00:00.000Z Error mapping types.

Mapping types:
DbQuery`1 -> IEnumerable`1
System.Data.Entity.Infrastructure.DbQuery`1[[Bars.API.Acct.Models.IncomingDocument, Bars.API.Acct.Models, Version=1.0.0.0, Culture=neutral, PublicKeyToken=null]] -> System.Collections.Generic.IEnumerable`1[[Bars.API.Acct.Models.Document, Bars.API.Acct.Models, Version=1.0.0.0, Culture=neutral, PublicKeyToken=null]] Missing type map configuration or unsupported mapping.

Mapping types:
IncomingDocument -> Document
Bars.API.Acct.Models.IncomingDocument -> Bars.API.Acct.Models.Document 
2018-02-16 18:03:04.6637  YEVHEN-VASIN  11336  w3wp  Warn  Bars.API.Core.Extensions.BarsLog : Log Event: Logger='BarsLog' Level=Warn Message='Оброблено запит	41319 msec 	200(OK)' SequenceID=26
2018-02-16 18:22:19.4582  YEVHEN-VASIN  11336  w3wp  Warn  Bars.API.Core.Extensions.BarsLog : Log Event: Logger='BarsLog' Level=Warn Message='Оброблено запит	3028 msec 	200(OK)' SequenceID=10
2018-02-16 18:22:20.3203  YEVHEN-VASIN  11336  w3wp  Warn  Bars.API.Core.Extensions.BarsLog : Log Event: Logger='BarsLog' Level=Warn Message='Оброблено запит	434 msec 	200(OK)' SequenceID=12
2018-02-16 18:22:21.5880  YEVHEN-VASIN  11336  w3wp  Warn  Bars.API.Core.Extensions.BarsLog : Log Event: Logger='BarsLog' Level=Warn Message='Оброблено запит	1645 msec 	200(OK)' SequenceID=14
2018-02-16 18:22:23.0794  YEVHEN-VASIN  11336  w3wp  Warn  Bars.API.Core.Extensions.BarsLog : Log Event: Logger='BarsLog' Level=Warn Message='Оброблено запит	351 msec 	200(OK)' SequenceID=16
