...
... loading params
...
...
... connecting as bars_dm
Connected.
@bars_dm\Script\partition_credits_stat.sql
bars_dm/script/partition_credits_stat
drop interim table if exists (in case of previous unsuccessfull installation)

PL/SQL procedure successfully completed.

Elapsed: 00:00:00.04
create temp table

PL/SQL procedure successfully completed.

Elapsed: 00:00:00.29
copy data to temp table

PL/SQL procedure successfully completed.

Elapsed: 00:00:00.01
drop original table and rename temp to original
CREDITS_STAT COUNT = 0                                                                                                                                                                                                                                                                                                                                                                                                                                                                                                                                                                                                                                                                                                                                                                                                                                                                                                                                                                                                                                                                                                                                                                                                                                                                                                                                                                                                                                                                                                                                                                                                                                                                                                                                                                                                                                                                                                                                                                                                                                                                                                                                                                                                                                                                                                                                                                                                                                                                                                                                                                                                                                                                                                                                                                                                                                                                                                                                                                                                                                                                                                  
TEST_CREDITS_STAT COUNT = 0                                                                                                                                                                                                                                                                                                                                                                                                                                                                                                                                                                                                                                                                                                                                                                                                                                                                                                                                                                                                                                                                                                                                                                                                                                                                                                                                                                                                                                                                                                                                                                                                                                                                                                                                                                                                                                                                                                                                                                                                                                                                                                                                                                                                                                                                                                                                                                                                                                                                                                                                                                                                                                                                                                                                                                                                                                                                                                                                                                                                                                                                                             

PL/SQL procedure successfully completed.

Elapsed: 00:00:01.22
recreate grants

Grant succeeded.

Elapsed: 00:00:00.02

Grant succeeded.

Elapsed: 00:00:00.00

Grant succeeded.

Elapsed: 00:00:00.00
recreate comments

Comment created.

Elapsed: 00:00:00.01

Comment created.

Elapsed: 00:00:00.01

Comment created.

Elapsed: 00:00:00.01

Comment created.

Elapsed: 00:00:00.01

Comment created.

Elapsed: 00:00:00.01

Comment created.

Elapsed: 00:00:00.01

Comment created.

Elapsed: 00:00:00.01

SQL> 
